/scratch/gilbreth/mohame43/Routenet/predict_with_candidate_routes_scheduling.sh: line 1: fg: no job control
Generating routes for tt=train, graph=geant2 ...
Parsing graph...

Adjacency matrix (cost=1/bandwidth):
  0    0.0    0.00002500 0.00010000    0.0       0.0       0.0       0.0       0.0       0.0       0.0       0.0       0.0       0.0       0.0       0.0       0.0       0.0       0.0       0.0       0.0       0.0       0.0       0.0       0.0   
  1 0.00002500    0.0       0.0    0.00010000    0.0       0.0    0.00004000    0.0       0.0    0.00002500    0.0       0.0       0.0       0.0       0.0       0.0       0.0       0.0       0.0       0.0       0.0       0.0       0.0       0.0   
  2 0.00010000    0.0       0.0    0.00004000 0.00004000    0.0       0.0       0.0       0.0       0.0       0.0       0.0       0.0       0.0       0.0       0.0       0.0       0.0       0.0       0.0       0.0       0.0       0.0       0.0   
  3    0.0    0.00010000 0.00004000    0.0       0.0    0.00002500 0.00002500    0.0       0.0       0.0       0.0       0.0       0.0       0.0       0.0       0.0       0.0       0.0       0.0       0.0       0.0       0.0       0.0       0.0   
  4    0.0       0.0    0.00004000    0.0       0.0       0.0       0.0    0.00002500    0.0       0.0       0.0       0.0       0.0       0.0       0.0       0.0       0.0       0.0       0.0       0.0       0.0       0.0       0.0       0.0   
  5    0.0       0.0       0.0    0.00002500    0.0       0.0       0.0       0.0    0.00002500    0.0       0.0       0.0       0.0       0.0       0.0       0.0       0.0       0.0       0.0       0.0       0.0       0.0       0.0       0.0   
  6    0.0    0.00004000    0.0    0.00002500    0.0       0.0       0.0       0.0    0.00002500 0.00004000    0.0       0.0       0.0       0.0       0.0       0.0       0.0       0.0       0.0       0.0       0.0       0.0       0.0       0.0   
  7    0.0       0.0       0.0       0.0    0.00002500    0.0       0.0       0.0    0.00002500    0.0       0.0    0.00010000    0.0       0.0       0.0       0.0       0.0       0.0       0.0       0.0       0.0       0.0       0.0       0.0   
  8    0.0       0.0       0.0       0.0       0.0    0.00002500 0.00002500 0.00002500    0.0       0.0       0.0    0.00002500 0.00001000    0.0       0.0       0.0       0.0    0.00002500 0.00002500    0.0    0.00004000    0.0       0.0       0.0   
  9    0.0    0.00002500    0.0       0.0       0.0       0.0    0.00004000    0.0       0.0       0.0    0.00004000    0.0    0.00002500 0.00010000    0.0       0.0       0.0       0.0       0.0       0.0       0.0       0.0       0.0       0.0   
 10    0.0       0.0       0.0       0.0       0.0       0.0       0.0       0.0       0.0    0.00004000    0.0       0.0       0.0    0.00010000    0.0       0.0       0.0       0.0       0.0       0.0       0.0       0.0       0.0       0.0   
 11    0.0       0.0       0.0       0.0       0.0       0.0       0.0    0.00010000 0.00002500    0.0       0.0       0.0       0.0       0.0    0.00002500    0.0       0.0       0.0       0.0       0.0    0.00010000    0.0       0.0       0.0   
 12    0.0       0.0       0.0       0.0       0.0       0.0       0.0       0.0    0.00001000 0.00002500    0.0       0.0       0.0    0.00002500    0.0       0.0       0.0       0.0       0.0    0.00002500    0.0    0.00002500    0.0       0.0   
 13    0.0       0.0       0.0       0.0       0.0       0.0       0.0       0.0       0.0    0.00010000 0.00010000    0.0    0.00002500    0.0       0.0       0.0       0.0       0.0       0.0       0.0       0.0       0.0       0.0       0.0   
 14    0.0       0.0       0.0       0.0       0.0       0.0       0.0       0.0       0.0       0.0       0.0    0.00002500    0.0       0.0       0.0    0.00004000    0.0       0.0       0.0       0.0       0.0       0.0       0.0       0.0   
 15    0.0       0.0       0.0       0.0       0.0       0.0       0.0       0.0       0.0       0.0       0.0       0.0       0.0       0.0    0.00004000    0.0    0.00004000    0.0       0.0       0.0       0.0       0.0       0.0       0.0   
 16    0.0       0.0       0.0       0.0       0.0       0.0       0.0       0.0       0.0       0.0       0.0       0.0       0.0       0.0       0.0    0.00004000    0.0    0.00002500    0.0       0.0       0.0       0.0       0.0       0.0   
 17    0.0       0.0       0.0       0.0       0.0       0.0       0.0       0.0    0.00002500    0.0       0.0       0.0       0.0       0.0       0.0       0.0    0.00002500    0.0    0.00004000    0.0       0.0       0.0       0.0       0.0   
 18    0.0       0.0       0.0       0.0       0.0       0.0       0.0       0.0    0.00002500    0.0       0.0       0.0       0.0       0.0       0.0       0.0       0.0    0.00004000    0.0       0.0       0.0    0.00002500    0.0       0.0   
 19    0.0       0.0       0.0       0.0       0.0       0.0       0.0       0.0       0.0       0.0       0.0       0.0    0.00002500    0.0       0.0       0.0       0.0       0.0       0.0       0.0       0.0       0.0       0.0    0.00002500
 20    0.0       0.0       0.0       0.0       0.0       0.0       0.0       0.0    0.00004000    0.0       0.0    0.00010000    0.0       0.0       0.0       0.0       0.0       0.0       0.0       0.0       0.0       0.0       0.0       0.0   
 21    0.0       0.0       0.0       0.0       0.0       0.0       0.0       0.0       0.0       0.0       0.0       0.0    0.00002500    0.0       0.0       0.0       0.0       0.0    0.00002500    0.0       0.0       0.0    0.00002500    0.0   
 22    0.0       0.0       0.0       0.0       0.0       0.0       0.0       0.0       0.0       0.0       0.0       0.0       0.0       0.0       0.0       0.0       0.0       0.0       0.0       0.0       0.0    0.00002500    0.0    0.00010000
 23    0.0       0.0       0.0       0.0       0.0       0.0       0.0       0.0       0.0       0.0       0.0       0.0       0.0       0.0       0.0       0.0       0.0       0.0       0.0    0.00002500    0.0       0.0    0.00010000    0.0   
Adjacency matrix saved to: adj_matrix.txt

Running k-shortest path search...
1 (hops=5): 0->1->9->12->8->5
2 (hops=4): 0->1->6->3->5
3 (hops=4): 0->1->6->8->5
4 (hops=5): 0->1->9->6->3->5
5 (hops=5): 0->1->9->6->8->5

Saved candidate routes to: /scratch/gilbreth/mohame43/Routenet/candidate_routes_scheduling_0_5_train_geant2.txt
Running sample_index=8, metric=delay, traffic_mode=wfq ...
Saved output to /scratch/gilbreth/mohame43/Routenet/Results/erlang_S8/Scheduling_results_0_5_wfq_delay_Scheduling_geant2_erlang.txt
Running sample_index=8, metric=delay, traffic_mode=wfq-drr-sp ...
Saved output to /scratch/gilbreth/mohame43/Routenet/Results/erlang_S8/Scheduling_results_0_5_wfq-drr-sp_delay_Scheduling_geant2_erlang.txt
Running sample_index=8, metric=jitter, traffic_mode=wfq ...
Saved output to /scratch/gilbreth/mohame43/Routenet/Results/erlang_S8/Scheduling_results_0_5_wfq_jitter_Scheduling_geant2_erlang.txt
Running sample_index=8, metric=jitter, traffic_mode=wfq-drr-sp ...
Saved output to /scratch/gilbreth/mohame43/Routenet/Results/erlang_S8/Scheduling_results_0_5_wfq-drr-sp_jitter_Scheduling_geant2_erlang.txt
Running sample_index=8, metric=loss, traffic_mode=wfq ...
Saved output to /scratch/gilbreth/mohame43/Routenet/Results/erlang_S8/Scheduling_results_0_5_wfq_loss_Scheduling_geant2_erlang.txt
Running sample_index=8, metric=loss, traffic_mode=wfq-drr-sp ...
Saved output to /scratch/gilbreth/mohame43/Routenet/Results/erlang_S8/Scheduling_results_0_5_wfq-drr-sp_loss_Scheduling_geant2_erlang.txt
Running sample_index=8, metric=delay, traffic_mode=wfq ...
Saved output to /scratch/gilbreth/mohame43/Routenet/Results/fermi_S8/Scheduling_results_0_5_wfq_delay_Scheduling_geant2_fermi.txt
Running sample_index=8, metric=delay, traffic_mode=wfq-drr-sp ...
Saved output to /scratch/gilbreth/mohame43/Routenet/Results/fermi_S8/Scheduling_results_0_5_wfq-drr-sp_delay_Scheduling_geant2_fermi.txt
Running sample_index=8, metric=jitter, traffic_mode=wfq ...
Saved output to /scratch/gilbreth/mohame43/Routenet/Results/fermi_S8/Scheduling_results_0_5_wfq_jitter_Scheduling_geant2_fermi.txt
Running sample_index=8, metric=jitter, traffic_mode=wfq-drr-sp ...
Saved output to /scratch/gilbreth/mohame43/Routenet/Results/fermi_S8/Scheduling_results_0_5_wfq-drr-sp_jitter_Scheduling_geant2_fermi.txt
Running sample_index=8, metric=loss, traffic_mode=wfq ...
Saved output to /scratch/gilbreth/mohame43/Routenet/Results/fermi_S8/Scheduling_results_0_5_wfq_loss_Scheduling_geant2_fermi.txt
Running sample_index=8, metric=loss, traffic_mode=wfq-drr-sp ...
Saved output to /scratch/gilbreth/mohame43/Routenet/Results/fermi_S8/Scheduling_results_0_5_wfq-drr-sp_loss_Scheduling_geant2_fermi.txt
Generating routes for tt=train, graph=nsfnet ...
Parsing graph...

Adjacency matrix (cost=1/bandwidth):
  0    0.0    0.00010000 0.00010000 0.00010000    0.0       0.0       0.0       0.0       0.0       0.0       0.0       0.0       0.0       0.0   
  1 0.00010000    0.0    0.00010000    0.0       0.0       0.0       0.0    0.00010000    0.0       0.0       0.0       0.0       0.0       0.0   
  2 0.00010000 0.00010000    0.0       0.0       0.0    0.00004000    0.0       0.0       0.0       0.0       0.0       0.0       0.0       0.0   
  3 0.00010000    0.0       0.0       0.0    0.00004000    0.0       0.0       0.0    0.00004000    0.0       0.0       0.0       0.0       0.0   
  4    0.0       0.0       0.0    0.00004000    0.0    0.00004000 0.00010000    0.0       0.0       0.0       0.0       0.0       0.0       0.0   
  5    0.0       0.0    0.00004000    0.0    0.00004000    0.0       0.0       0.0       0.0       0.0       0.0       0.0    0.00010000 0.00010000
  6    0.0       0.0       0.0       0.0    0.00010000    0.0       0.0    0.00010000    0.0       0.0       0.0       0.0       0.0       0.0   
  7    0.0    0.00010000    0.0       0.0       0.0       0.0    0.00010000    0.0       0.0       0.0    0.00004000    0.0       0.0       0.0   
  8    0.0       0.0       0.0    0.00004000    0.0       0.0       0.0       0.0       0.0    0.00010000    0.0    0.00010000    0.0       0.0   
  9    0.0       0.0       0.0       0.0       0.0       0.0       0.0       0.0    0.00010000    0.0    0.00010000    0.0    0.00010000    0.0   
 10    0.0       0.0       0.0       0.0       0.0       0.0       0.0    0.00004000    0.0    0.00010000    0.0    0.00010000    0.0    0.00010000
 11    0.0       0.0       0.0       0.0       0.0       0.0       0.0       0.0    0.00010000    0.0    0.00010000    0.0    0.00010000    0.0   
 12    0.0       0.0       0.0       0.0       0.0    0.00010000    0.0       0.0       0.0    0.00010000    0.0    0.00010000    0.0       0.0   
 13    0.0       0.0       0.0       0.0       0.0    0.00010000    0.0       0.0       0.0       0.0    0.00010000    0.0       0.0       0.0   
Adjacency matrix saved to: adj_matrix.txt

Running k-shortest path search...
1 (hops=2): 0->2->5
2 (hops=3): 0->3->4->5
3 (hops=3): 0->1->2->5
4 (hops=5): 0->1->7->6->4->5
5 (hops=5): 0->1->7->10->13->5

Saved candidate routes to: /scratch/gilbreth/mohame43/Routenet/candidate_routes_scheduling_0_5_train_nsfnet.txt
Running sample_index=8, metric=delay, traffic_mode=wfq ...
Saved output to /scratch/gilbreth/mohame43/Routenet/Results/erlang_S8/Scheduling_results_0_5_wfq_delay_Scheduling_nsfnet_erlang.txt
Running sample_index=8, metric=delay, traffic_mode=wfq-drr-sp ...
Saved output to /scratch/gilbreth/mohame43/Routenet/Results/erlang_S8/Scheduling_results_0_5_wfq-drr-sp_delay_Scheduling_nsfnet_erlang.txt
Running sample_index=8, metric=jitter, traffic_mode=wfq ...
Saved output to /scratch/gilbreth/mohame43/Routenet/Results/erlang_S8/Scheduling_results_0_5_wfq_jitter_Scheduling_nsfnet_erlang.txt
Running sample_index=8, metric=jitter, traffic_mode=wfq-drr-sp ...
Saved output to /scratch/gilbreth/mohame43/Routenet/Results/erlang_S8/Scheduling_results_0_5_wfq-drr-sp_jitter_Scheduling_nsfnet_erlang.txt
Running sample_index=8, metric=loss, traffic_mode=wfq ...
Saved output to /scratch/gilbreth/mohame43/Routenet/Results/erlang_S8/Scheduling_results_0_5_wfq_loss_Scheduling_nsfnet_erlang.txt
Running sample_index=8, metric=loss, traffic_mode=wfq-drr-sp ...
Saved output to /scratch/gilbreth/mohame43/Routenet/Results/erlang_S8/Scheduling_results_0_5_wfq-drr-sp_loss_Scheduling_nsfnet_erlang.txt
Running sample_index=8, metric=delay, traffic_mode=wfq ...
Saved output to /scratch/gilbreth/mohame43/Routenet/Results/fermi_S8/Scheduling_results_0_5_wfq_delay_Scheduling_nsfnet_fermi.txt
Running sample_index=8, metric=delay, traffic_mode=wfq-drr-sp ...
Saved output to /scratch/gilbreth/mohame43/Routenet/Results/fermi_S8/Scheduling_results_0_5_wfq-drr-sp_delay_Scheduling_nsfnet_fermi.txt
Running sample_index=8, metric=jitter, traffic_mode=wfq ...
Saved output to /scratch/gilbreth/mohame43/Routenet/Results/fermi_S8/Scheduling_results_0_5_wfq_jitter_Scheduling_nsfnet_fermi.txt
Running sample_index=8, metric=jitter, traffic_mode=wfq-drr-sp ...
Saved output to /scratch/gilbreth/mohame43/Routenet/Results/fermi_S8/Scheduling_results_0_5_wfq-drr-sp_jitter_Scheduling_nsfnet_fermi.txt
Running sample_index=8, metric=loss, traffic_mode=wfq ...
Saved output to /scratch/gilbreth/mohame43/Routenet/Results/fermi_S8/Scheduling_results_0_5_wfq_loss_Scheduling_nsfnet_fermi.txt
Running sample_index=8, metric=loss, traffic_mode=wfq-drr-sp ...
Saved output to /scratch/gilbreth/mohame43/Routenet/Results/fermi_S8/Scheduling_results_0_5_wfq-drr-sp_loss_Scheduling_nsfnet_fermi.txt
Generating routes for tt=test, graph=rediris ...
Parsing graph...

Adjacency matrix (cost=1/bandwidth):
  0    0.0    0.00010000    0.0       0.0       0.0    0.00004000    0.0       0.0       0.0       0.0       0.0       0.0       0.0       0.0       0.0       0.0       0.0       0.0       0.0   
  1 0.00010000    0.0    0.00010000    0.0    0.00010000 0.00002500    0.0       0.0       0.0       0.0       0.0       0.0       0.0       0.0       0.0       0.0       0.0    0.00010000 0.00010000
  2    0.0    0.00010000    0.0    0.00004000    0.0       0.0       0.0       0.0       0.0       0.0       0.0       0.0       0.0       0.0       0.0       0.0       0.0       0.0       0.0   
  3    0.0       0.0    0.00004000    0.0       0.0    0.00002500    0.0       0.0       0.0       0.0       0.0       0.0       0.0       0.0       0.0       0.0       0.0       0.0       0.0   
  4    0.0    0.00010000    0.0       0.0       0.0    0.00004000    0.0       0.0       0.0       0.0       0.0       0.0       0.0       0.0       0.0       0.0       0.0       0.0       0.0   
  5 0.00004000 0.00002500    0.0    0.00002500 0.00004000    0.0    0.00004000 0.00004000 0.00002500    0.0       0.0    0.00002500    0.0       0.0    0.00002500 0.00002500    0.0    0.00004000    0.0   
  6    0.0       0.0       0.0       0.0       0.0    0.00004000    0.0       0.0       0.0       0.0       0.0       0.0       0.0       0.0       0.0       0.0       0.0       0.0       0.0   
  7    0.0       0.0       0.0       0.0       0.0    0.00004000    0.0       0.0    0.00010000    0.0       0.0       0.0       0.0    0.00010000    0.0       0.0       0.0       0.0       0.0   
  8    0.0       0.0       0.0       0.0       0.0    0.00002500    0.0    0.00010000    0.0    0.00004000    0.0    0.00010000    0.0       0.0       0.0       0.0       0.0       0.0       0.0   
  9    0.0       0.0       0.0       0.0       0.0       0.0       0.0       0.0    0.00004000    0.0    0.00010000    0.0       0.0       0.0       0.0       0.0       0.0       0.0       0.0   
 10    0.0       0.0       0.0       0.0       0.0       0.0       0.0       0.0       0.0    0.00010000    0.0    0.00004000    0.0       0.0       0.0       0.0       0.0       0.0       0.0   
 11    0.0       0.0       0.0       0.0       0.0    0.00002500    0.0       0.0    0.00010000    0.0    0.00004000    0.0    0.00010000    0.0       0.0       0.0       0.0       0.0       0.0   
 12    0.0       0.0       0.0       0.0       0.0       0.0       0.0       0.0       0.0       0.0       0.0    0.00010000    0.0       0.0    0.00004000    0.0       0.0       0.0       0.0   
 13    0.0       0.0       0.0       0.0       0.0       0.0       0.0    0.00010000    0.0       0.0       0.0       0.0       0.0       0.0    0.00004000    0.0       0.0       0.0       0.0   
 14    0.0       0.0       0.0       0.0       0.0    0.00002500    0.0       0.0       0.0       0.0       0.0       0.0    0.00004000 0.00004000    0.0    0.00010000    0.0       0.0       0.0   
 15    0.0       0.0       0.0       0.0       0.0    0.00002500    0.0       0.0       0.0       0.0       0.0       0.0       0.0       0.0    0.00010000    0.0    0.00010000 0.00010000    0.0   
 16    0.0       0.0       0.0       0.0       0.0       0.0       0.0       0.0       0.0       0.0       0.0       0.0       0.0       0.0       0.0    0.00010000    0.0    0.00010000    0.0   
 17    0.0    0.00010000    0.0       0.0       0.0    0.00004000    0.0       0.0       0.0       0.0       0.0       0.0       0.0       0.0       0.0    0.00010000 0.00010000    0.0    0.00010000
 18    0.0    0.00010000    0.0       0.0       0.0       0.0       0.0       0.0       0.0       0.0       0.0       0.0       0.0       0.0       0.0       0.0       0.0    0.00010000    0.0   
Adjacency matrix saved to: adj_matrix.txt

Running k-shortest path search...
1 (hops=1): 0->5
2 (hops=2): 0->1->5
3 (hops=3): 0->1->4->5
4 (hops=3): 0->1->17->5
5 (hops=4): 0->1->2->3->5

Saved candidate routes to: /scratch/gilbreth/mohame43/Routenet/candidate_routes_scheduling_0_5_test_rediris.txt
Running sample_index=8, metric=delay, traffic_mode=wfq ...
Saved output to /scratch/gilbreth/mohame43/Routenet/Results/erlang_S8/Scheduling_results_0_5_wfq_delay_Scheduling_rediris_erlang.txt
Running sample_index=8, metric=delay, traffic_mode=wfq-drr-sp ...
Saved output to /scratch/gilbreth/mohame43/Routenet/Results/erlang_S8/Scheduling_results_0_5_wfq-drr-sp_delay_Scheduling_rediris_erlang.txt
Running sample_index=8, metric=jitter, traffic_mode=wfq ...
Saved output to /scratch/gilbreth/mohame43/Routenet/Results/erlang_S8/Scheduling_results_0_5_wfq_jitter_Scheduling_rediris_erlang.txt
Running sample_index=8, metric=jitter, traffic_mode=wfq-drr-sp ...
Saved output to /scratch/gilbreth/mohame43/Routenet/Results/erlang_S8/Scheduling_results_0_5_wfq-drr-sp_jitter_Scheduling_rediris_erlang.txt
Running sample_index=8, metric=loss, traffic_mode=wfq ...
Saved output to /scratch/gilbreth/mohame43/Routenet/Results/erlang_S8/Scheduling_results_0_5_wfq_loss_Scheduling_rediris_erlang.txt
Running sample_index=8, metric=loss, traffic_mode=wfq-drr-sp ...
